<?xml version="1.0" encoding="UTF-8"?>
<!-- Generated by org.testng.reporters.JUnitReportReporter -->
<testsuite hostname="Samsung" name="testartemus.VesselDepartureTest" tests="5" failures="0" timestamp="29 May 2020 10:49:51 GMT" time="4.621" errors="0">
  <testcase name="vesselarrivaltab" time="0.919" classname="testartemus.VesselDepartureTest"/>
  <testcase name="vesseldetails" time="0.568" classname="testartemus.VesselDepartureTest"/>
  <testcase name="loadPortdetails" time="0.690" classname="testartemus.VesselDepartureTest"/>
  <testcase name="findbills" time="2.161" classname="testartemus.VesselDepartureTest"/>
  <testcase name="Voyagedetails" time="0.283" classname="testartemus.VesselDepartureTest"/>
</testsuite> <!-- testartemus.VesselDepartureTest -->
