<?xml version="1.0" encoding="UTF-8"?>
<!-- Generated by org.testng.reporters.JUnitReportReporter -->
<testsuite hostname="Samsung" name="testartemus.VesselDepartureTest" tests="5" failures="0" timestamp="19 May 2020 04:55:37 GMT" time="4.493" errors="0">
  <testcase name="findbills" time="2.169" classname="testartemus.VesselDepartureTest"/>
  <testcase name="Voyagedetails" time="0.305" classname="testartemus.VesselDepartureTest"/>
  <testcase name="vesselarrivaltab" time="0.894" classname="testartemus.VesselDepartureTest"/>
  <testcase name="loadPortdetails" time="0.564" classname="testartemus.VesselDepartureTest"/>
  <testcase name="vesseldetails" time="0.561" classname="testartemus.VesselDepartureTest"/>
</testsuite> <!-- testartemus.VesselDepartureTest -->
