<?xml version="1.0" encoding="UTF-8"?>
<!-- Generated by org.testng.reporters.JUnitReportReporter -->
<testsuite hostname="Samsung" name="testartemus.SubOrdinateScacTest" tests="4" failures="0" timestamp="29 May 2020 10:49:51 GMT" time="4.705" errors="0">
  <testcase name="updateSubScac" time="1.930" classname="testartemus.SubOrdinateScacTest"/>
  <testcase name="deleteSubScac" time="0.459" classname="testartemus.SubOrdinateScacTest"/>
  <testcase name="CreateNewSubScac" time="1.471" classname="testartemus.SubOrdinateScacTest"/>
  <testcase name="SubOrdinateScac" time="0.845" classname="testartemus.SubOrdinateScacTest"/>
</testsuite> <!-- testartemus.SubOrdinateScacTest -->
