<?xml version="1.0" encoding="UTF-8"?>
<!-- Generated by org.testng.reporters.JUnitReportReporter -->
<testsuite hostname="Samsung" name="testartemus.SCACCodeTest" tests="4" failures="0" timestamp="16 Jul 2020 10:34:27 GMT" time="7.924" errors="0">
  <testcase name="UpdateScac" time="2.240" classname="testartemus.SCACCodeTest"/>
  <testcase name="SCACCodescreen" time="2.340" classname="testartemus.SCACCodeTest"/>
  <testcase name="CreateNewScac" time="2.613" classname="testartemus.SCACCodeTest"/>
  <testcase name="DeleteScac" time="0.731" classname="testartemus.SCACCodeTest"/>
</testsuite> <!-- testartemus.SCACCodeTest -->
