<?xml version="1.0" encoding="UTF-8"?>
<!-- Generated by org.testng.reporters.JUnitReportReporter -->
<testsuite hostname="Samsung" name="testartemus.CustomerprofileTest" tests="6" failures="0" timestamp="21 Jul 2020 11:32:15 GMT" time="32.322" errors="0">
  <testcase name="findcustomerassert" time="0.799" classname="testartemus.CustomerprofileTest"/>
  <testcase name="updatecustomer" time="2.569" classname="testartemus.CustomerprofileTest"/>
  <testcase name="createcustomer" time="9.749" classname="testartemus.CustomerprofileTest"/>
  <testcase name="findcustomer" time="4.488" classname="testartemus.CustomerprofileTest"/>
  <testcase name="savecustomer" time="2.201" classname="testartemus.CustomerprofileTest"/>
  <testcase name="deletecustomer" time="12.516" classname="testartemus.CustomerprofileTest"/>
</testsuite> <!-- testartemus.CustomerprofileTest -->
