<?xml version="1.0" encoding="UTF-8"?>
<!-- Generated by org.testng.reporters.JUnitReportReporter -->
<testsuite hostname="Samsung" name="testartemus.AMSMainScreenTest" tests="12" failures="0" timestamp="29 May 2020 10:49:51 GMT" time="9.465" errors="0">
  <testcase name="LoadPortdetailsmain" time="0.853" classname="testartemus.AMSMainScreenTest"/>
  <testcase name="DischargePortdetailsmain" time="0.295" classname="testartemus.AMSMainScreenTest"/>
  <testcase name="CustomErrorScreen" time="0.548" classname="testartemus.AMSMainScreenTest"/>
  <testcase name="originalManifestTracking" time="0.761" classname="testartemus.AMSMainScreenTest"/>
  <testcase name="Voyagedetailsmain" time="0.304" classname="testartemus.AMSMainScreenTest"/>
  <testcase name="AMSMainScreen" time="2.093" classname="testartemus.AMSMainScreenTest"/>
  <testcase name="vesseldetailsmain" time="0.534" classname="testartemus.AMSMainScreenTest"/>
  <testcase name="validateport" time="0.286" classname="testartemus.AMSMainScreenTest"/>
  <testcase name="BillAmendmentTracking" time="0.584" classname="testartemus.AMSMainScreenTest"/>
  <testcase name="billDetailInformation" time="0.830" classname="testartemus.AMSMainScreenTest"/>
  <testcase name="findbillsmain" time="2.193" classname="testartemus.AMSMainScreenTest"/>
  <testcase name="validatebuttonDiv" time="0.184" classname="testartemus.AMSMainScreenTest"/>
</testsuite> <!-- testartemus.AMSMainScreenTest -->
