<?xml version="1.0" encoding="UTF-8"?>
<!-- Generated by org.testng.reporters.JUnitReportReporter -->
<testsuite hostname="Samsung" name="testartemus.addoriginalmanifestTest" tests="8" failures="0" timestamp="5 Jun 2020 12:15:05 GMT" time="7.951" errors="0">
  <testcase name="assertRow" time="0.397" classname="testartemus.addoriginalmanifestTest"/>
  <testcase name="LoadPortdetails" time="0.915" classname="testartemus.addoriginalmanifestTest"/>
  <testcase name="vesseldetails" time="0.431" classname="testartemus.addoriginalmanifestTest"/>
  <testcase name="sendManifestCheckBox" time="2.494" classname="testartemus.addoriginalmanifestTest"/>
  <testcase name="findbills" time="2.250" classname="testartemus.addoriginalmanifestTest"/>
  <testcase name="Voyagedetails" time="0.279" classname="testartemus.addoriginalmanifestTest"/>
  <testcase name="OriginalManifes" time="0.912" classname="testartemus.addoriginalmanifestTest"/>
  <testcase name="DischargePortdetails" time="0.273" classname="testartemus.addoriginalmanifestTest"/>
</testsuite> <!-- testartemus.addoriginalmanifestTest -->
