<?xml version="1.0" encoding="UTF-8"?>
<!-- Generated by org.testng.reporters.JUnitReportReporter -->
<testsuite hostname="Samsung" name="testartemus.ItSelectionScreenTest" tests="10" failures="0" timestamp="29 May 2020 10:49:51 GMT" time="10.750" errors="0">
  <testcase name="vesseldetails" time="0.587" classname="testartemus.ItSelectionScreenTest"/>
  <testcase name="ItBillArrival" time="2.837" classname="testartemus.ItSelectionScreenTest"/>
  <testcase name="ItContainerArrival" time="2.735" classname="testartemus.ItSelectionScreenTest"/>
  <testcase name="TableRowDetails" time="0.250" classname="testartemus.ItSelectionScreenTest"/>
  <testcase name="ShowArrivalAcknowledgement" time="0.440" classname="testartemus.ItSelectionScreenTest"/>
  <testcase name="findbills" time="0.423" classname="testartemus.ItSelectionScreenTest"/>
  <testcase name="ItSelectionTab" time="1.305" classname="testartemus.ItSelectionScreenTest"/>
  <testcase name="Voyagedetails" time="0.297" classname="testartemus.ItSelectionScreenTest"/>
  <testcase name="DischargePortdetails" time="0.563" classname="testartemus.ItSelectionScreenTest"/>
  <testcase name="ItArrival" time="1.313" classname="testartemus.ItSelectionScreenTest"/>
</testsuite> <!-- testartemus.ItSelectionScreenTest -->
