<?xml version="1.0" encoding="UTF-8"?>
<!-- Generated by org.testng.reporters.JUnitReportReporter -->
<testsuite hostname="Samsung" name="testartemus.locationTest" tests="9" failures="0" timestamp="21 Jul 2020 11:32:15 GMT" time="27.811" errors="0">
  <testcase name="deletelocation" time="3.161" classname="testartemus.locationTest"/>
  <testcase name="findlocation" time="0.672" classname="testartemus.locationTest"/>
  <testcase name="unlocodedetail" time="1.508" classname="testartemus.locationTest"/>
  <testcase name="warehousedetail" time="4.785" classname="testartemus.locationTest"/>
  <testcase name="updatelocation" time="3.766" classname="testartemus.locationTest"/>
  <testcase name="createlocation" time="6.487" classname="testartemus.locationTest"/>
  <testcase name="findlocationassert" time="1.003" classname="testartemus.locationTest"/>
  <testcase name="savelocation" time="3.146" classname="testartemus.locationTest"/>
  <testcase name="findlocationingrid" time="3.283" classname="testartemus.locationTest"/>
</testsuite> <!-- testartemus.locationTest -->
