<?xml version="1.0" encoding="UTF-8"?>
<!-- Generated by org.testng.reporters.JUnitReportReporter -->
<testsuite hostname="Samsung" name="testartemus.addoriginalmanifestTest" tests="8" failures="0" timestamp="8 May 2020 04:59:39 GMT" time="11.055" errors="0">
  <testcase name="Voyagedetails" time="0.439" classname="testartemus.addoriginalmanifestTest"/>
  <testcase name="assertRow" time="0.529" classname="testartemus.addoriginalmanifestTest"/>
  <testcase name="LoadPortdetails" time="0.906" classname="testartemus.addoriginalmanifestTest"/>
  <testcase name="OriginalManifes" time="1.395" classname="testartemus.addoriginalmanifestTest"/>
  <testcase name="findbills" time="2.302" classname="testartemus.addoriginalmanifestTest"/>
  <testcase name="DischargePortdetails" time="0.378" classname="testartemus.addoriginalmanifestTest"/>
  <testcase name="sendManifestCheckBox" time="4.275" classname="testartemus.addoriginalmanifestTest"/>
  <testcase name="vesseldetails" time="0.831" classname="testartemus.addoriginalmanifestTest"/>
</testsuite> <!-- testartemus.addoriginalmanifestTest -->
