<?xml version="1.0" encoding="UTF-8"?>
<!-- Generated by org.testng.reporters.JUnitReportReporter -->
<testsuite hostname="Samsung" name="testartemus.locationTest" tests="9" failures="0" timestamp="19 May 2020 04:55:37 GMT" time="42.302" errors="0">
  <testcase name="createlocation" time="4.362" classname="testartemus.locationTest"/>
  <testcase name="findlocationingrid" time="2.639" classname="testartemus.locationTest"/>
  <testcase name="findlocation" time="0.443" classname="testartemus.locationTest"/>
  <testcase name="updatelocation" time="4.924" classname="testartemus.locationTest"/>
  <testcase name="unlocodedetail" time="0.511" classname="testartemus.locationTest"/>
  <testcase name="warehousedetail" time="22.715" classname="testartemus.locationTest"/>
  <testcase name="findlocationassert" time="0.546" classname="testartemus.locationTest"/>
  <testcase name="savelocation" time="3.153" classname="testartemus.locationTest"/>
  <testcase name="deletelocation" time="3.009" classname="testartemus.locationTest"/>
</testsuite> <!-- testartemus.locationTest -->
