<?xml version="1.0" encoding="UTF-8"?>
<!-- Generated by org.testng.reporters.JUnitReportReporter -->
<testsuite hostname="Samsung" name="testartemus.AFRVoyageScheduleTest" tests="13" failures="0" timestamp="21 Jul 2020 11:32:15 GMT" time="24.683" errors="0">
  <testcase name="datedetailstwo" time="1.985" classname="testartemus.AFRVoyageScheduleTest"/>
  <testcase name="portdetails" time="0.501" classname="testartemus.AFRVoyageScheduleTest"/>
  <testcase name="portdetailstwo" time="0.274" classname="testartemus.AFRVoyageScheduleTest"/>
  <testcase name="updatevoyege" time="1.952" classname="testartemus.AFRVoyageScheduleTest"/>
  <testcase name="firstlocationdetails" time="3.791" classname="testartemus.AFRVoyageScheduleTest"/>
  <testcase name="secondlocationdetails" time="1.445" classname="testartemus.AFRVoyageScheduleTest"/>
  <testcase name="findvoyege" time="2.660" classname="testartemus.AFRVoyageScheduleTest"/>
  <testcase name="jpvoyegetab" time="2.215" classname="testartemus.AFRVoyageScheduleTest"/>
  <testcase name="voyegedetail" time="1.195" classname="testartemus.AFRVoyageScheduleTest"/>
  <testcase name="vesseldetail" time="3.916" classname="testartemus.AFRVoyageScheduleTest"/>
  <testcase name="datedetails" time="2.086" classname="testartemus.AFRVoyageScheduleTest"/>
  <testcase name="deletevoyege" time="1.001" classname="testartemus.AFRVoyageScheduleTest"/>
  <testcase name="savevoyege" time="1.662" classname="testartemus.AFRVoyageScheduleTest"/>
</testsuite> <!-- testartemus.AFRVoyageScheduleTest -->
