<?xml version="1.0" encoding="UTF-8"?>
<!-- Generated by org.testng.reporters.JUnitReportReporter -->
<testsuite hostname="Samsung" name="testartemus.ISFTest" tests="7" failures="0" timestamp="29 May 2020 10:49:51 GMT" time="4.137" errors="0">
  <testcase name="loadPortId" time="0.849" classname="testartemus.ISFTest"/>
  <testcase name="Billstatus" time="0.787" classname="testartemus.ISFTest"/>
  <testcase name="Voyagedetails" time="0.277" classname="testartemus.ISFTest"/>
  <testcase name="ItSelectionTab" time="0.888" classname="testartemus.ISFTest"/>
  <testcase name="vesseldetails" time="0.562" classname="testartemus.ISFTest"/>
  <testcase name="DischargePortdetails" time="0.283" classname="testartemus.ISFTest"/>
  <testcase name="findbills" time="0.491" classname="testartemus.ISFTest"/>
</testsuite> <!-- testartemus.ISFTest -->
