<?xml version="1.0" encoding="UTF-8"?>
<!-- Generated by org.testng.reporters.JUnitReportReporter -->
<testsuite hostname="Samsung" name="testartemus.ItSelectionScreenTest" tests="10" failures="0" timestamp="5 Jun 2020 12:15:05 GMT" time="11.374" errors="0">
  <testcase name="ItSelectionTab" time="1.790" classname="testartemus.ItSelectionScreenTest"/>
  <testcase name="ItContainerArrival" time="2.759" classname="testartemus.ItSelectionScreenTest"/>
  <testcase name="ItArrival" time="1.374" classname="testartemus.ItSelectionScreenTest"/>
  <testcase name="findbills" time="0.437" classname="testartemus.ItSelectionScreenTest"/>
  <testcase name="TableRowDetails" time="0.262" classname="testartemus.ItSelectionScreenTest"/>
  <testcase name="ItBillArrival" time="2.837" classname="testartemus.ItSelectionScreenTest"/>
  <testcase name="vesseldetails" time="0.568" classname="testartemus.ItSelectionScreenTest"/>
  <testcase name="ShowArrivalAcknowledgement" time="0.470" classname="testartemus.ItSelectionScreenTest"/>
  <testcase name="DischargePortdetails" time="0.584" classname="testartemus.ItSelectionScreenTest"/>
  <testcase name="Voyagedetails" time="0.293" classname="testartemus.ItSelectionScreenTest"/>
</testsuite> <!-- testartemus.ItSelectionScreenTest -->
