<?xml version="1.0" encoding="UTF-8"?>
<!-- Generated by org.testng.reporters.JUnitReportReporter -->
<testsuite hostname="Samsung" name="testartemus.ISFTest" tests="6" failures="0" timestamp="15 May 2020 12:34:06 GMT" time="6.643" errors="0">
  <testcase name="vesseldetails" time="0.816" classname="testartemus.ISFTest"/>
  <testcase name="loadPortId" time="0.961" classname="testartemus.ISFTest"/>
  <testcase name="Voyagedetails" time="0.347" classname="testartemus.ISFTest"/>
  <testcase name="DischargePortdetails" time="0.293" classname="testartemus.ISFTest"/>
  <testcase name="findbills" time="0.492" classname="testartemus.ISFTest"/>
  <testcase name="ItSelectionTab" time="3.734" classname="testartemus.ISFTest"/>
</testsuite> <!-- testartemus.ISFTest -->
