<?xml version="1.0" encoding="UTF-8"?>
<!-- Generated by org.testng.reporters.JUnitReportReporter -->
<testsuite hostname="Samsung" name="testartemus.ISFTest" tests="7" failures="0" timestamp="16 Jul 2020 09:33:40 GMT" time="8.049" errors="0">
  <testcase name="DischargePortdetails" time="0.305" classname="testartemus.ISFTest"/>
  <testcase name="findbills" time="0.450" classname="testartemus.ISFTest"/>
  <testcase name="Voyagedetails" time="0.376" classname="testartemus.ISFTest"/>
  <testcase name="loadPortId" time="0.320" classname="testartemus.ISFTest"/>
  <testcase name="Billstatus" time="0.736" classname="testartemus.ISFTest"/>
  <testcase name="vesseldetails" time="1.933" classname="testartemus.ISFTest"/>
  <testcase name="ItSelectionTab" time="3.929" classname="testartemus.ISFTest"/>
</testsuite> <!-- testartemus.ISFTest -->
