<?xml version="1.0" encoding="UTF-8"?>
<!-- Generated by org.testng.reporters.JUnitReportReporter -->
<testsuite hostname="Samsung" name="testartemus.vesselTest" tests="7" failures="0" timestamp="29 May 2020 10:49:51 GMT" time="8.854" errors="0">
  <testcase name="updatevessel" time="1.182" classname="testartemus.vesselTest"/>
  <testcase name="findvesselname" time="1.364" classname="testartemus.vesselTest"/>
  <testcase name="findvessel" time="0.419" classname="testartemus.vesselTest"/>
  <testcase name="deletevessel" time="0.920" classname="testartemus.vesselTest"/>
  <testcase name="createvessel" time="3.076" classname="testartemus.vesselTest"/>
  <testcase name="japancarriercode" time="0.928" classname="testartemus.vesselTest"/>
  <testcase name="savevessel" time="0.965" classname="testartemus.vesselTest"/>
</testsuite> <!-- testartemus.vesselTest -->
