<?xml version="1.0" encoding="UTF-8"?>
<!-- Generated by org.testng.reporters.JUnitReportReporter -->
<testsuite hostname="Samsung" name="testartemus.CandaMainScreenTest" tests="17" failures="0" timestamp="20 Jul 2020 10:57:48 GMT" time="14.018" errors="0">
  <testcase name="CanCustBLDetailImportedCargoScreen" time="0.587" classname="testartemus.CandaMainScreenTest"/>
  <testcase name="findbillsmain" time="2.240" classname="testartemus.CandaMainScreenTest"/>
  <testcase name="customsCanadianAmendmentforBL" time="1.146" classname="testartemus.CandaMainScreenTest"/>
  <testcase name="DispositionCodesDiscriptions" time="0.803" classname="testartemus.CandaMainScreenTest"/>
  <testcase name="validateRow" time="0.210" classname="testartemus.CandaMainScreenTest"/>
  <testcase name="Message" time="0.491" classname="testartemus.CandaMainScreenTest"/>
  <testcase name="AMSMainScreen" time="1.381" classname="testartemus.CandaMainScreenTest"/>
  <testcase name="showAcknowledgement" time="0.406" classname="testartemus.CandaMainScreenTest"/>
  <testcase name="vesseldetailsmain" time="1.112" classname="testartemus.CandaMainScreenTest"/>
  <testcase name="CustomsErrorScreen" time="0.507" classname="testartemus.CandaMainScreenTest"/>
  <testcase name="VoyageConveyance" time="1.050" classname="testartemus.CandaMainScreenTest"/>
  <testcase name="Voyagedetailsmain" time="0.332" classname="testartemus.CandaMainScreenTest"/>
  <testcase name="DischargePortdetailsmain" time="0.341" classname="testartemus.CandaMainScreenTest"/>
  <testcase name="AmendTrackingScreen" time="0.514" classname="testartemus.CandaMainScreenTest"/>
  <testcase name="CACM" time="0.876" classname="testartemus.CandaMainScreenTest"/>
  <testcase name="LoadPortdetailsmain" time="0.377" classname="testartemus.CandaMainScreenTest"/>
  <testcase name="HouseBillClose" time="1.645" classname="testartemus.CandaMainScreenTest"/>
</testsuite> <!-- testartemus.CandaMainScreenTest -->
