<?xml version="1.0" encoding="UTF-8"?>
<!-- Generated by org.testng.reporters.JUnitReportReporter -->
<testsuite hostname="Samsung" name="testartemus.voyegeTest" tests="13" failures="0" timestamp="29 May 2020 10:49:51 GMT" time="15.479" errors="0">
  <testcase name="datedetails" time="0.895" classname="testartemus.voyegeTest"/>
  <testcase name="datedetailstwo" time="0.768" classname="testartemus.voyegeTest"/>
  <testcase name="updatevoyege" time="1.447" classname="testartemus.voyegeTest"/>
  <testcase name="firstlocationdetails" time="2.925" classname="testartemus.voyegeTest"/>
  <testcase name="voyegetab" time="1.417" classname="testartemus.voyegeTest"/>
  <testcase name="portdetails" time="0.236" classname="testartemus.voyegeTest"/>
  <testcase name="secondlocationdetails" time="0.719" classname="testartemus.voyegeTest"/>
  <testcase name="vesseldetail" time="2.898" classname="testartemus.voyegeTest"/>
  <testcase name="voyegedetail" time="0.406" classname="testartemus.voyegeTest"/>
  <testcase name="savevoyege" time="1.091" classname="testartemus.voyegeTest"/>
  <testcase name="portdetailstwo" time="0.123" classname="testartemus.voyegeTest"/>
  <testcase name="findvoyege" time="1.827" classname="testartemus.voyegeTest"/>
  <testcase name="deletevoyege" time="0.727" classname="testartemus.voyegeTest"/>
</testsuite> <!-- testartemus.voyegeTest -->
