<?xml version="1.0" encoding="UTF-8"?>
<!-- Generated by org.testng.reporters.JUnitReportReporter -->
<testsuite hostname="Samsung" name="testartemus.PermitToTransferTest" tests="6" failures="0" timestamp="19 May 2020 04:55:37 GMT" time="3.544" errors="0">
  <testcase name="ItSelectionTab" time="1.196" classname="testartemus.PermitToTransferTest"/>
  <testcase name="changeAckName" time="0.327" classname="testartemus.PermitToTransferTest"/>
  <testcase name="Voyagedetails" time="0.323" classname="testartemus.PermitToTransferTest"/>
  <testcase name="vesseldetails" time="0.619" classname="testartemus.PermitToTransferTest"/>
  <testcase name="DischargePortdetails" time="0.626" classname="testartemus.PermitToTransferTest"/>
  <testcase name="findbills" time="0.453" classname="testartemus.PermitToTransferTest"/>
</testsuite> <!-- testartemus.PermitToTransferTest -->
