<?xml version="1.0" encoding="UTF-8"?>
<!-- Generated by org.testng.reporters.JUnitReportReporter -->
<testsuite hostname="Samsung" name="testartemus.CandaMainScreenTest" tests="21" failures="0" timestamp="5 Jun 2020 12:15:05 GMT" time="18.434" errors="0">
  <testcase name="LoadPortdetailsmain" time="0.809" classname="testartemus.CandaMainScreenTest"/>
  <testcase name="showAcknowledgement" time="0.429" classname="testartemus.CandaMainScreenTest"/>
  <testcase name="MessageFROBE" time="0.547" classname="testartemus.CandaMainScreenTest"/>
  <testcase name="findbillsmain" time="2.214" classname="testartemus.CandaMainScreenTest"/>
  <testcase name="AmendTrackingScreen" time="1.151" classname="testartemus.CandaMainScreenTest"/>
  <testcase name="validateRow" time="0.198" classname="testartemus.CandaMainScreenTest"/>
  <testcase name="vesseldetailsmain" time="0.974" classname="testartemus.CandaMainScreenTest"/>
  <testcase name="showAcknowledgementFROBE" time="0.692" classname="testartemus.CandaMainScreenTest"/>
  <testcase name="VoyageConveyance" time="0.977" classname="testartemus.CandaMainScreenTest"/>
  <testcase name="CanCustBLDetailFROBECargo" time="0.589" classname="testartemus.CandaMainScreenTest"/>
  <testcase name="DischargePortdetailsmain" time="0.294" classname="testartemus.CandaMainScreenTest"/>
  <testcase name="customsCanadianAmendmentforBL" time="1.224" classname="testartemus.CandaMainScreenTest"/>
  <testcase name="customsCanadianAmendmentforBLFROBE" time="1.256" classname="testartemus.CandaMainScreenTest"/>
  <testcase name="Message" time="0.516" classname="testartemus.CandaMainScreenTest"/>
  <testcase name="HouseBillClose" time="1.693" classname="testartemus.CandaMainScreenTest"/>
  <testcase name="CanCustBLDetailImportedCargoScreen" time="0.589" classname="testartemus.CandaMainScreenTest"/>
  <testcase name="DispositionCodesDiscriptions" time="1.023" classname="testartemus.CandaMainScreenTest"/>
  <testcase name="Voyagedetailsmain" time="0.243" classname="testartemus.CandaMainScreenTest"/>
  <testcase name="AMSMainScreen" time="1.592" classname="testartemus.CandaMainScreenTest"/>
  <testcase name="CustomsErrorScreen" time="0.516" classname="testartemus.CandaMainScreenTest"/>
  <testcase name="CACM" time="0.908" classname="testartemus.CandaMainScreenTest"/>
</testsuite> <!-- testartemus.CandaMainScreenTest -->
