<?xml version="1.0" encoding="UTF-8"?>
<!-- Generated by org.testng.reporters.JUnitReportReporter -->
<testsuite hostname="Samsung" name="testartemus.PermitToTransferTest" tests="6" failures="0" timestamp="16 Jul 2020 06:50:18 GMT" time="4.400" errors="0">
  <testcase name="Voyagedetails" time="0.383" classname="testartemus.PermitToTransferTest"/>
  <testcase name="DischargePortdetails" time="0.288" classname="testartemus.PermitToTransferTest"/>
  <testcase name="vesseldetails" time="2.014" classname="testartemus.PermitToTransferTest"/>
  <testcase name="changeAckName" time="0.328" classname="testartemus.PermitToTransferTest"/>
  <testcase name="ItSelectionTab" time="0.983" classname="testartemus.PermitToTransferTest"/>
  <testcase name="findbills" time="0.404" classname="testartemus.PermitToTransferTest"/>
</testsuite> <!-- testartemus.PermitToTransferTest -->
