<?xml version="1.0" encoding="UTF-8"?>
<!-- Generated by org.testng.reporters.JUnitReportReporter -->
<testsuite hostname="Samsung" name="testartemus.vesselTest" tests="7" failures="0" timestamp="5 Jun 2020 12:15:05 GMT" time="10.784" errors="0">
  <testcase name="savevessel" time="1.516" classname="testartemus.vesselTest"/>
  <testcase name="findvessel" time="0.428" classname="testartemus.vesselTest"/>
  <testcase name="deletevessel" time="1.066" classname="testartemus.vesselTest"/>
  <testcase name="japancarriercode" time="0.901" classname="testartemus.vesselTest"/>
  <testcase name="findvesselname" time="1.563" classname="testartemus.vesselTest"/>
  <testcase name="createvessel" time="3.937" classname="testartemus.vesselTest"/>
  <testcase name="updatevessel" time="1.373" classname="testartemus.vesselTest"/>
</testsuite> <!-- testartemus.vesselTest -->
