<?xml version="1.0" encoding="UTF-8"?>
<!-- Generated by org.testng.reporters.JUnitReportReporter -->
<testsuite hostname="Samsung" name="testartemus.vesselTest" tests="7" failures="0" timestamp="19 May 2020 04:55:37 GMT" time="8.379" errors="0">
  <testcase name="savevessel" time="0.929" classname="testartemus.vesselTest"/>
  <testcase name="createvessel" time="2.846" classname="testartemus.vesselTest"/>
  <testcase name="findvesselname" time="1.358" classname="testartemus.vesselTest"/>
  <testcase name="deletevessel" time="0.871" classname="testartemus.vesselTest"/>
  <testcase name="updatevessel" time="1.145" classname="testartemus.vesselTest"/>
  <testcase name="japancarriercode" time="0.806" classname="testartemus.vesselTest"/>
  <testcase name="findvessel" time="0.424" classname="testartemus.vesselTest"/>
</testsuite> <!-- testartemus.vesselTest -->
