<?xml version="1.0" encoding="UTF-8"?>
<!-- Generated by org.testng.reporters.JUnitReportReporter -->
<testsuite hostname="Samsung" name="testartemus.test2" tests="1" failures="0" timestamp="3 Apr 2020 07:38:54 GMT" time="12.236" errors="0">
  <testcase name="login" time="12.236" classname="testartemus.test2"/>
</testsuite> <!-- testartemus.test2 -->
