<?xml version="1.0" encoding="UTF-8"?>
<!-- Generated by org.testng.reporters.JUnitReportReporter -->
<testsuite hostname="Samsung" name="testartemus.VesselArrivalTest" tests="6" failures="0" timestamp="29 May 2020 10:49:51 GMT" time="3.398" errors="0">
  <testcase name="vesselarrivaltab" time="0.940" classname="testartemus.VesselArrivalTest"/>
  <testcase name="DischargePortdetails" time="0.636" classname="testartemus.VesselArrivalTest"/>
  <testcase name="vesseldetails" time="0.583" classname="testartemus.VesselArrivalTest"/>
  <testcase name="findbills" time="0.423" classname="testartemus.VesselArrivalTest"/>
  <testcase name="acknowledgement" time="0.527" classname="testartemus.VesselArrivalTest"/>
  <testcase name="Voyagedetails" time="0.289" classname="testartemus.VesselArrivalTest"/>
</testsuite> <!-- testartemus.VesselArrivalTest -->
