<?xml version="1.0" encoding="UTF-8"?>
<!-- Generated by org.testng.reporters.JUnitReportReporter -->
<testsuite hostname="Samsung" name="testartemus.voyegeTest" tests="13" failures="0" timestamp="5 Jun 2020 12:15:05 GMT" time="15.728" errors="0">
  <testcase name="vesseldetail" time="3.117" classname="testartemus.voyegeTest"/>
  <testcase name="datedetails" time="0.797" classname="testartemus.voyegeTest"/>
  <testcase name="updatevoyege" time="1.441" classname="testartemus.voyegeTest"/>
  <testcase name="firstlocationdetails" time="3.011" classname="testartemus.voyegeTest"/>
  <testcase name="portdetailstwo" time="0.131" classname="testartemus.voyegeTest"/>
  <testcase name="findvoyege" time="1.859" classname="testartemus.voyegeTest"/>
  <testcase name="deletevoyege" time="0.726" classname="testartemus.voyegeTest"/>
  <testcase name="datedetailstwo" time="0.779" classname="testartemus.voyegeTest"/>
  <testcase name="savevoyege" time="1.060" classname="testartemus.voyegeTest"/>
  <testcase name="voyegedetail" time="0.388" classname="testartemus.voyegeTest"/>
  <testcase name="portdetails" time="0.218" classname="testartemus.voyegeTest"/>
  <testcase name="voyegetab" time="1.503" classname="testartemus.voyegeTest"/>
  <testcase name="secondlocationdetails" time="0.698" classname="testartemus.voyegeTest"/>
</testsuite> <!-- testartemus.voyegeTest -->
