<?xml version="1.0" encoding="UTF-8"?>
<!-- Generated by org.testng.reporters.JUnitReportReporter -->
<testsuite hostname="Samsung" name="pageobject.test2" tests="1" failures="0" timestamp="3 Apr 2020 07:38:10 GMT" time="12.072" errors="0">
  <testcase name="login" time="12.072" classname="pageobject.test2"/>
</testsuite> <!-- pageobject.test2 -->
