<?xml version="1.0" encoding="UTF-8"?>
<!-- Generated by org.testng.reporters.JUnitReportReporter -->
<testsuite hostname="Samsung" name="testartemus.vesselTest" tests="7" failures="0" timestamp="21 Jul 2020 11:32:15 GMT" time="16.069" errors="0">
  <testcase name="findvessel" time="0.719" classname="testartemus.vesselTest"/>
  <testcase name="createvessel" time="5.762" classname="testartemus.vesselTest"/>
  <testcase name="updatevessel" time="2.405" classname="testartemus.vesselTest"/>
  <testcase name="deletevessel" time="1.437" classname="testartemus.vesselTest"/>
  <testcase name="japancarriercode" time="1.604" classname="testartemus.vesselTest"/>
  <testcase name="savevessel" time="1.602" classname="testartemus.vesselTest"/>
  <testcase name="findvesselname" time="2.540" classname="testartemus.vesselTest"/>
</testsuite> <!-- testartemus.vesselTest -->
