<?xml version="1.0" encoding="UTF-8"?>
<!-- Generated by org.testng.reporters.JUnitReportReporter -->
<testsuite hostname="Samsung" name="testartemus.locationTest" tests="9" failures="0" timestamp="8 May 2020 04:59:39 GMT" time="55.126" errors="0">
  <testcase name="findlocationassert" time="1.296" classname="testartemus.locationTest"/>
  <testcase name="createlocation" time="7.549" classname="testartemus.locationTest"/>
  <testcase name="findlocation" time="1.073" classname="testartemus.locationTest"/>
  <testcase name="unlocodedetail" time="0.593" classname="testartemus.locationTest"/>
  <testcase name="findlocationingrid" time="3.479" classname="testartemus.locationTest"/>
  <testcase name="warehousedetail" time="27.272" classname="testartemus.locationTest"/>
  <testcase name="updatelocation" time="6.078" classname="testartemus.locationTest"/>
  <testcase name="savelocation" time="4.134" classname="testartemus.locationTest"/>
  <testcase name="deletelocation" time="3.652" classname="testartemus.locationTest"/>
</testsuite> <!-- testartemus.locationTest -->
