<?xml version="1.0" encoding="UTF-8"?>
<!-- Generated by org.testng.reporters.JUnitReportReporter -->
<testsuite hostname="Samsung" name="testartemus.CustomerprofileTest" tests="6" failures="0" timestamp="29 May 2020 10:49:51 GMT" time="29.671" errors="0">
  <testcase name="findcustomer" time="3.923" classname="testartemus.CustomerprofileTest"/>
  <testcase name="findcustomerassert" time="0.453" classname="testartemus.CustomerprofileTest"/>
  <testcase name="savecustomer" time="2.710" classname="testartemus.CustomerprofileTest"/>
  <testcase name="deletecustomer" time="14.491" classname="testartemus.CustomerprofileTest"/>
  <testcase name="updatecustomer" time="1.738" classname="testartemus.CustomerprofileTest"/>
  <testcase name="createcustomer" time="6.356" classname="testartemus.CustomerprofileTest"/>
</testsuite> <!-- testartemus.CustomerprofileTest -->
