<?xml version="1.0" encoding="UTF-8"?>
<!-- Generated by org.testng.reporters.JUnitReportReporter -->
<testsuite hostname="Samsung" name="testartemus.VesselDepartureTest" tests="5" failures="0" timestamp="14 May 2020 07:26:13 GMT" time="8.313" errors="0">
  <testcase name="vesseldetails" time="0.502" classname="testartemus.VesselDepartureTest"/>
  <testcase name="Voyagedetails" time="0.261" classname="testartemus.VesselDepartureTest"/>
  <testcase name="vesselarrivaltab" time="4.190" classname="testartemus.VesselDepartureTest"/>
  <testcase name="loadPortdetails" time="1.214" classname="testartemus.VesselDepartureTest"/>
  <testcase name="findbills" time="2.146" classname="testartemus.VesselDepartureTest"/>
</testsuite> <!-- testartemus.VesselDepartureTest -->
