<?xml version="1.0" encoding="UTF-8"?>
<!-- Generated by org.testng.reporters.JUnitReportReporter -->
<testsuite hostname="Samsung" name="testartemus.vesselTest" tests="7" failures="0" timestamp="15 Jul 2020 09:29:35 GMT" time="10.987" errors="0">
  <testcase name="updatevessel" time="1.195" classname="testartemus.vesselTest"/>
  <testcase name="savevessel" time="1.058" classname="testartemus.vesselTest"/>
  <testcase name="createvessel" time="5.052" classname="testartemus.vesselTest"/>
  <testcase name="findvessel" time="0.479" classname="testartemus.vesselTest"/>
  <testcase name="japancarriercode" time="0.849" classname="testartemus.vesselTest"/>
  <testcase name="findvesselname" time="1.439" classname="testartemus.vesselTest"/>
  <testcase name="deletevessel" time="0.915" classname="testartemus.vesselTest"/>
</testsuite> <!-- testartemus.vesselTest -->
