<?xml version="1.0" encoding="UTF-8"?>
<!-- Generated by org.testng.reporters.JUnitReportReporter -->
<testsuite hostname="Samsung" name="testartemus.addoriginalmanifestTest" tests="8" failures="0" timestamp="15 Jul 2020 09:37:35 GMT" time="8.780" errors="0">
  <testcase name="DischargePortdetails" time="0.312" classname="testartemus.addoriginalmanifestTest"/>
  <testcase name="LoadPortdetails" time="0.281" classname="testartemus.addoriginalmanifestTest"/>
  <testcase name="findbills" time="2.248" classname="testartemus.addoriginalmanifestTest"/>
  <testcase name="Voyagedetails" time="0.335" classname="testartemus.addoriginalmanifestTest"/>
  <testcase name="sendManifestCheckBox" time="2.244" classname="testartemus.addoriginalmanifestTest"/>
  <testcase name="OriginalManifes" time="1.112" classname="testartemus.addoriginalmanifestTest"/>
  <testcase name="vesseldetails" time="1.807" classname="testartemus.addoriginalmanifestTest"/>
  <testcase name="assertRow" time="0.441" classname="testartemus.addoriginalmanifestTest"/>
</testsuite> <!-- testartemus.addoriginalmanifestTest -->
