<?xml version="1.0" encoding="UTF-8"?>
<!-- Generated by org.testng.reporters.JUnitReportReporter -->
<testsuite hostname="Samsung" name="testartemus.billheaderTest" tests="30" failures="0" timestamp="8 May 2020 04:59:39 GMT" time="47.264" errors="0">
  <testcase name="scrollpage2" time="0.033" classname="testartemus.billheaderTest"/>
  <testcase name="receiptPlace" time="0.916" classname="testartemus.billheaderTest"/>
  <testcase name="MoveType" time="0.319" classname="testartemus.billheaderTest"/>
  <testcase name="PortOfLoading" time="0.498" classname="testartemus.billheaderTest"/>
  <testcase name="billStatus" time="0.579" classname="testartemus.billheaderTest"/>
  <testcase name="HarmonizeCode" time="0.984" classname="testartemus.billheaderTest"/>
  <testcase name="Manufacturer" time="1.418" classname="testartemus.billheaderTest"/>
  <testcase name="Notify" time="1.605" classname="testartemus.billheaderTest"/>
  <testcase name="updatebill" time="6.472" classname="testartemus.billheaderTest"/>
  <testcase name="PortOfDischarge" time="0.518" classname="testartemus.billheaderTest"/>
  <testcase name="equipmentcargodetails" time="2.412" classname="testartemus.billheaderTest"/>
  <testcase name="hblScac" time="0.887" classname="testartemus.billheaderTest"/>
  <testcase name="goodsDescription" time="0.285" classname="testartemus.billheaderTest"/>
  <testcase name="scrollpageup" time="0.028" classname="testartemus.billheaderTest"/>
  <testcase name="billheader" time="4.740" classname="testartemus.billheaderTest"/>
  <testcase name="cargocountry" time="0.276" classname="testartemus.billheaderTest"/>
  <testcase name="VesselDetail" time="3.546" classname="testartemus.billheaderTest"/>
  <testcase name="billType" time="0.220" classname="testartemus.billheaderTest"/>
  <testcase name="Packages" time="1.680" classname="testartemus.billheaderTest"/>
  <testcase name="Consignee" time="1.362" classname="testartemus.billheaderTest"/>
  <testcase name="ShippingInformation" time="1.466" classname="testartemus.billheaderTest"/>
  <testcase name="findbill" time="3.938" classname="testartemus.billheaderTest"/>
  <testcase name="NvoType" time="0.290" classname="testartemus.billheaderTest"/>
  <testcase name="save" time="6.194" classname="testartemus.billheaderTest"/>
  <testcase name="CountryOfOrigin" time="2.704" classname="testartemus.billheaderTest"/>
  <testcase name="HazardCode" time="1.067" classname="testartemus.billheaderTest"/>
  <testcase name="Equipment" time="1.073" classname="testartemus.billheaderTest"/>
  <testcase name="Packagesunit" time="0.664" classname="testartemus.billheaderTest"/>
  <testcase name="scrollpage" time="0.067" classname="testartemus.billheaderTest"/>
  <testcase name="PlaceOfDelivery" time="1.023" classname="testartemus.billheaderTest"/>
</testsuite> <!-- testartemus.billheaderTest -->
