<?xml version="1.0" encoding="UTF-8"?>
<!-- Generated by org.testng.reporters.JUnitReportReporter -->
<testsuite hostname="Samsung" name="testartemus.AMSMainScreenTest" tests="12" failures="0" timestamp="8 May 2020 04:59:39 GMT" time="18.229" errors="0">
  <testcase name="validateport" time="0.377" classname="testartemus.AMSMainScreenTest"/>
  <testcase name="BillAmendmentTracking" time="0.791" classname="testartemus.AMSMainScreenTest"/>
  <testcase name="billDetailInformation" time="0.993" classname="testartemus.AMSMainScreenTest"/>
  <testcase name="validatebuttonDiv" time="0.277" classname="testartemus.AMSMainScreenTest"/>
  <testcase name="CustomErrorScreen" time="0.882" classname="testartemus.AMSMainScreenTest"/>
  <testcase name="findbillsmain" time="2.302" classname="testartemus.AMSMainScreenTest"/>
  <testcase name="AMSMainScreen" time="6.570" classname="testartemus.AMSMainScreenTest"/>
  <testcase name="originalManifestTracking" time="1.296" classname="testartemus.AMSMainScreenTest"/>
  <testcase name="DischargePortdetailsmain" time="0.601" classname="testartemus.AMSMainScreenTest"/>
  <testcase name="vesseldetailsmain" time="1.505" classname="testartemus.AMSMainScreenTest"/>
  <testcase name="LoadPortdetailsmain" time="2.165" classname="testartemus.AMSMainScreenTest"/>
  <testcase name="Voyagedetailsmain" time="0.470" classname="testartemus.AMSMainScreenTest"/>
</testsuite> <!-- testartemus.AMSMainScreenTest -->
