<?xml version="1.0" encoding="UTF-8"?>
<!-- Generated by org.testng.reporters.JUnitReportReporter -->
<testsuite hostname="Samsung" name="testartemus.AFRJapanBillHeaderTest" tests="27" failures="0" timestamp="17 Jul 2020 11:50:39 GMT" time="32.000" errors="0">
  <testcase name="receiptPlace" time="0.693" classname="testartemus.AFRJapanBillHeaderTest"/>
  <testcase name="updatebill" time="1.893" classname="testartemus.AFRJapanBillHeaderTest"/>
  <testcase name="hblScac" time="0.842" classname="testartemus.AFRJapanBillHeaderTest"/>
  <testcase name="Equipment" time="1.496" classname="testartemus.AFRJapanBillHeaderTest"/>
  <testcase name="ShippingInformation" time="1.279" classname="testartemus.AFRJapanBillHeaderTest"/>
  <testcase name="NvoType" time="0.223" classname="testartemus.AFRJapanBillHeaderTest"/>
  <testcase name="billType" time="0.215" classname="testartemus.AFRJapanBillHeaderTest"/>
  <testcase name="scrollpageup" time="0.021" classname="testartemus.AFRJapanBillHeaderTest"/>
  <testcase name="CountryOfOrigin" time="2.483" classname="testartemus.AFRJapanBillHeaderTest"/>
  <testcase name="PlaceOfDelivery" time="0.640" classname="testartemus.AFRJapanBillHeaderTest"/>
  <testcase name="billheader" time="4.407" classname="testartemus.AFRJapanBillHeaderTest"/>
  <testcase name="PortOfLoading" time="0.496" classname="testartemus.AFRJapanBillHeaderTest"/>
  <testcase name="scrollpage" time="0.023" classname="testartemus.AFRJapanBillHeaderTest"/>
  <testcase name="Notify" time="1.382" classname="testartemus.AFRJapanBillHeaderTest"/>
  <testcase name="findbill" time="2.377" classname="testartemus.AFRJapanBillHeaderTest"/>
  <testcase name="Consignee" time="1.266" classname="testartemus.AFRJapanBillHeaderTest"/>
  <testcase name="VesselDetail" time="2.914" classname="testartemus.AFRJapanBillHeaderTest"/>
  <testcase name="save" time="1.805" classname="testartemus.AFRJapanBillHeaderTest"/>
  <testcase name="billStatus" time="0.514" classname="testartemus.AFRJapanBillHeaderTest"/>
  <testcase name="Packagesunit" time="0.570" classname="testartemus.AFRJapanBillHeaderTest"/>
  <testcase name="scrollpage2" time="0.017" classname="testartemus.AFRJapanBillHeaderTest"/>
  <testcase name="goodsDescription" time="0.238" classname="testartemus.AFRJapanBillHeaderTest"/>
  <testcase name="equipmentcargodetails" time="2.318" classname="testartemus.AFRJapanBillHeaderTest"/>
  <testcase name="HarmonizeCode" time="1.046" classname="testartemus.AFRJapanBillHeaderTest"/>
  <testcase name="PortOfDischarge" time="0.460" classname="testartemus.AFRJapanBillHeaderTest"/>
  <testcase name="HazardCode" time="0.882" classname="testartemus.AFRJapanBillHeaderTest"/>
  <testcase name="Packages" time="1.500" classname="testartemus.AFRJapanBillHeaderTest"/>
</testsuite> <!-- testartemus.AFRJapanBillHeaderTest -->
