<?xml version="1.0" encoding="UTF-8"?>
<!-- Generated by org.testng.reporters.JUnitReportReporter -->
<testsuite hostname="Samsung" name="testartemus.CustomerprofileTest" tests="6" failures="0" timestamp="8 May 2020 04:59:39 GMT" time="25.382" errors="0">
  <testcase name="updatecustomer" time="1.643" classname="testartemus.CustomerprofileTest"/>
  <testcase name="createcustomer" time="3.757" classname="testartemus.CustomerprofileTest"/>
  <testcase name="findcustomerassert" time="0.453" classname="testartemus.CustomerprofileTest"/>
  <testcase name="findcustomer" time="3.970" classname="testartemus.CustomerprofileTest"/>
  <testcase name="deletecustomer" time="12.005" classname="testartemus.CustomerprofileTest"/>
  <testcase name="savecustomer" time="3.554" classname="testartemus.CustomerprofileTest"/>
</testsuite> <!-- testartemus.CustomerprofileTest -->
