<?xml version="1.0" encoding="UTF-8"?>
<!-- Generated by org.testng.reporters.JUnitReportReporter -->
<testsuite hostname="Samsung" name="testartemus.AMSMainScreenTest" tests="12" failures="0" timestamp="5 Jun 2020 12:15:05 GMT" time="9.494" errors="0">
  <testcase name="originalManifestTracking" time="0.825" classname="testartemus.AMSMainScreenTest"/>
  <testcase name="CustomErrorScreen" time="0.607" classname="testartemus.AMSMainScreenTest"/>
  <testcase name="LoadPortdetailsmain" time="0.880" classname="testartemus.AMSMainScreenTest"/>
  <testcase name="Voyagedetailsmain" time="0.299" classname="testartemus.AMSMainScreenTest"/>
  <testcase name="BillAmendmentTracking" time="0.589" classname="testartemus.AMSMainScreenTest"/>
  <testcase name="AMSMainScreen" time="2.093" classname="testartemus.AMSMainScreenTest"/>
  <testcase name="vesseldetailsmain" time="0.481" classname="testartemus.AMSMainScreenTest"/>
  <testcase name="DischargePortdetailsmain" time="0.282" classname="testartemus.AMSMainScreenTest"/>
  <testcase name="findbillsmain" time="2.223" classname="testartemus.AMSMainScreenTest"/>
  <testcase name="validateport" time="0.338" classname="testartemus.AMSMainScreenTest"/>
  <testcase name="validatebuttonDiv" time="0.199" classname="testartemus.AMSMainScreenTest"/>
  <testcase name="billDetailInformation" time="0.678" classname="testartemus.AMSMainScreenTest"/>
</testsuite> <!-- testartemus.AMSMainScreenTest -->
