<?xml version="1.0" encoding="UTF-8"?>
<!-- Generated by org.testng.reporters.JUnitReportReporter -->
<testsuite hostname="Samsung" name="testartemus.SubOrdinateScacTest" tests="4" failures="0" timestamp="21 Jul 2020 11:32:15 GMT" time="9.702" errors="0">
  <testcase name="SubOrdinateScac" time="1.453" classname="testartemus.SubOrdinateScacTest"/>
  <testcase name="CreateNewSubScac" time="3.269" classname="testartemus.SubOrdinateScacTest"/>
  <testcase name="deleteSubScac" time="0.842" classname="testartemus.SubOrdinateScacTest"/>
  <testcase name="updateSubScac" time="4.138" classname="testartemus.SubOrdinateScacTest"/>
</testsuite> <!-- testartemus.SubOrdinateScacTest -->
