<?xml version="1.0" encoding="UTF-8"?>
<!-- Generated by org.testng.reporters.JUnitReportReporter -->
<testsuite hostname="Samsung" name="testartemus.SubOrdinateScacTest" tests="4" failures="0" timestamp="5 Jun 2020 12:15:05 GMT" time="4.571" errors="0">
  <testcase name="SubOrdinateScac" time="0.829" classname="testartemus.SubOrdinateScacTest"/>
  <testcase name="deleteSubScac" time="0.446" classname="testartemus.SubOrdinateScacTest"/>
  <testcase name="CreateNewSubScac" time="1.380" classname="testartemus.SubOrdinateScacTest"/>
  <testcase name="updateSubScac" time="1.916" classname="testartemus.SubOrdinateScacTest"/>
</testsuite> <!-- testartemus.SubOrdinateScacTest -->
