<?xml version="1.0" encoding="UTF-8"?>
<!-- Generated by org.testng.reporters.JUnitReportReporter -->
<testsuite hostname="Samsung" name="testartemus.VesselArrivalTest" tests="6" failures="0" timestamp="5 Jun 2020 12:15:05 GMT" time="3.446" errors="0">
  <testcase name="findbills" time="0.422" classname="testartemus.VesselArrivalTest"/>
  <testcase name="acknowledgement" time="0.532" classname="testartemus.VesselArrivalTest"/>
  <testcase name="vesselarrivaltab" time="0.949" classname="testartemus.VesselArrivalTest"/>
  <testcase name="vesseldetails" time="0.654" classname="testartemus.VesselArrivalTest"/>
  <testcase name="Voyagedetails" time="0.294" classname="testartemus.VesselArrivalTest"/>
  <testcase name="DischargePortdetails" time="0.595" classname="testartemus.VesselArrivalTest"/>
</testsuite> <!-- testartemus.VesselArrivalTest -->
