<?xml version="1.0" encoding="UTF-8"?>
<!-- Generated by org.testng.reporters.JUnitReportReporter -->
<testsuite hostname="Samsung" name="testartemus.locationTest" tests="9" failures="0" timestamp="14 May 2020 07:26:13 GMT" time="89.344" errors="0">
  <testcase name="findlocationassert" time="1.785" classname="testartemus.locationTest"/>
  <testcase name="unlocodedetail" time="0.535" classname="testartemus.locationTest"/>
  <testcase name="findlocation" time="0.521" classname="testartemus.locationTest"/>
  <testcase name="warehousedetail" time="24.453" classname="testartemus.locationTest"/>
  <testcase name="updatelocation" time="26.032" classname="testartemus.locationTest"/>
  <testcase name="deletelocation" time="5.926" classname="testartemus.locationTest"/>
  <testcase name="createlocation" time="17.711" classname="testartemus.locationTest"/>
  <testcase name="savelocation" time="5.532" classname="testartemus.locationTest"/>
  <testcase name="findlocationingrid" time="6.849" classname="testartemus.locationTest"/>
</testsuite> <!-- testartemus.locationTest -->
