<?xml version="1.0" encoding="UTF-8"?>
<!-- Generated by org.testng.reporters.JUnitReportReporter -->
<testsuite hostname="Samsung" name="testartemus.CustomerprofileTest" tests="6" failures="0" timestamp="17 Jul 2020 10:32:52 GMT" time="37.907" errors="0">
  <testcase name="updatecustomer" time="1.965" classname="testartemus.CustomerprofileTest"/>
  <testcase name="deletecustomer" time="12.405" classname="testartemus.CustomerprofileTest"/>
  <testcase name="savecustomer" time="4.009" classname="testartemus.CustomerprofileTest"/>
  <testcase name="findcustomer" time="6.068" classname="testartemus.CustomerprofileTest"/>
  <testcase name="createcustomer" time="13.010" classname="testartemus.CustomerprofileTest"/>
  <testcase name="findcustomerassert" time="0.450" classname="testartemus.CustomerprofileTest"/>
</testsuite> <!-- testartemus.CustomerprofileTest -->
