<?xml version="1.0" encoding="UTF-8"?>
<!-- Generated by org.testng.reporters.JUnitReportReporter -->
<testsuite hostname="Samsung" name="testartemus.PermitToTransferTest" tests="6" failures="0" timestamp="5 Jun 2020 12:15:04 GMT" time="3.073" errors="0">
  <testcase name="Voyagedetails" time="0.300" classname="testartemus.PermitToTransferTest"/>
  <testcase name="DischargePortdetails" time="0.583" classname="testartemus.PermitToTransferTest"/>
  <testcase name="ItSelectionTab" time="0.882" classname="testartemus.PermitToTransferTest"/>
  <testcase name="findbills" time="0.444" classname="testartemus.PermitToTransferTest"/>
  <testcase name="vesseldetails" time="0.542" classname="testartemus.PermitToTransferTest"/>
  <testcase name="changeAckName" time="0.322" classname="testartemus.PermitToTransferTest"/>
</testsuite> <!-- testartemus.PermitToTransferTest -->
