<?xml version="1.0" encoding="UTF-8"?>
<!-- Generated by org.testng.reporters.JUnitReportReporter -->
<testsuite hostname="Samsung" name="testartemus.VesselArrivalTest" tests="6" failures="0" timestamp="15 Jul 2020 10:42:57 GMT" time="7.074" errors="0">
  <testcase name="vesseldetails" time="1.970" classname="testartemus.VesselArrivalTest"/>
  <testcase name="acknowledgement" time="0.557" classname="testartemus.VesselArrivalTest"/>
  <testcase name="DischargePortdetails" time="0.308" classname="testartemus.VesselArrivalTest"/>
  <testcase name="vesselarrivaltab" time="3.483" classname="testartemus.VesselArrivalTest"/>
  <testcase name="Voyagedetails" time="0.359" classname="testartemus.VesselArrivalTest"/>
  <testcase name="findbills" time="0.397" classname="testartemus.VesselArrivalTest"/>
</testsuite> <!-- testartemus.VesselArrivalTest -->
