<?xml version="1.0" encoding="UTF-8"?>
<!-- Generated by org.testng.reporters.JUnitReportReporter -->
<testsuite hostname="Samsung" name="testartemus.VesselDepartureTest" tests="5" failures="0" timestamp="8 May 2020 04:59:39 GMT" time="5.335" errors="0">
  <testcase name="findbills" time="2.183" classname="testartemus.VesselDepartureTest"/>
  <testcase name="vesselarrivaltab" time="1.532" classname="testartemus.VesselDepartureTest"/>
  <testcase name="vesseldetails" time="0.650" classname="testartemus.VesselDepartureTest"/>
  <testcase name="loadPortdetails" time="0.642" classname="testartemus.VesselDepartureTest"/>
  <testcase name="Voyagedetails" time="0.328" classname="testartemus.VesselDepartureTest"/>
</testsuite> <!-- testartemus.VesselDepartureTest -->
