<?xml version="1.0" encoding="UTF-8"?>
<!-- Generated by org.testng.reporters.JUnitReportReporter -->
<testsuite hostname="Samsung" name="testartemus.SCACCodeTest" tests="4" failures="0" timestamp="5 Jun 2020 12:15:05 GMT" time="4.969" errors="0">
  <testcase name="DeleteScac" time="0.452" classname="testartemus.SCACCodeTest"/>
  <testcase name="SCACCodescreen" time="1.028" classname="testartemus.SCACCodeTest"/>
  <testcase name="UpdateScac" time="1.972" classname="testartemus.SCACCodeTest"/>
  <testcase name="CreateNewScac" time="1.517" classname="testartemus.SCACCodeTest"/>
</testsuite> <!-- testartemus.SCACCodeTest -->
