<?xml version="1.0" encoding="UTF-8"?>
<!-- Generated by org.testng.reporters.JUnitReportReporter -->
<testsuite hostname="Samsung" name="testartemus.VesselDepartureTest" tests="5" failures="0" timestamp="17 Jul 2020 10:43:04 GMT" time="13.766" errors="0">
  <testcase name="vesseldetails" time="2.022" classname="testartemus.VesselDepartureTest"/>
  <testcase name="vesselarrivaltab" time="8.985" classname="testartemus.VesselDepartureTest"/>
  <testcase name="Voyagedetails" time="0.315" classname="testartemus.VesselDepartureTest"/>
  <testcase name="findbills" time="2.168" classname="testartemus.VesselDepartureTest"/>
  <testcase name="loadPortdetails" time="0.276" classname="testartemus.VesselDepartureTest"/>
</testsuite> <!-- testartemus.VesselDepartureTest -->
