<?xml version="1.0" encoding="UTF-8"?>
<!-- Generated by org.testng.reporters.JUnitReportReporter -->
<testsuite hostname="Samsung" name="testartemus.VesselDepartureTest" tests="5" failures="0" timestamp="5 Jun 2020 12:15:05 GMT" time="4.434" errors="0">
  <testcase name="loadPortdetails" time="0.612" classname="testartemus.VesselDepartureTest"/>
  <testcase name="Voyagedetails" time="0.285" classname="testartemus.VesselDepartureTest"/>
  <testcase name="vesselarrivaltab" time="0.887" classname="testartemus.VesselDepartureTest"/>
  <testcase name="vesseldetails" time="0.517" classname="testartemus.VesselDepartureTest"/>
  <testcase name="findbills" time="2.133" classname="testartemus.VesselDepartureTest"/>
</testsuite> <!-- testartemus.VesselDepartureTest -->
