<?xml version="1.0" encoding="UTF-8"?>
<!-- Generated by org.testng.reporters.JUnitReportReporter -->
<testsuite hostname="Samsung" name="testartemus.AMSMainScreenTest" tests="12" failures="0" timestamp="15 Jul 2020 09:38:28 GMT" time="11.774" errors="0">
  <testcase name="DischargePortdetailsmain" time="0.289" classname="testartemus.AMSMainScreenTest"/>
  <testcase name="findbillsmain" time="2.215" classname="testartemus.AMSMainScreenTest"/>
  <testcase name="LoadPortdetailsmain" time="0.380" classname="testartemus.AMSMainScreenTest"/>
  <testcase name="Voyagedetailsmain" time="0.343" classname="testartemus.AMSMainScreenTest"/>
  <testcase name="BillAmendmentTracking" time="0.609" classname="testartemus.AMSMainScreenTest"/>
  <testcase name="originalManifestTracking" time="0.609" classname="testartemus.AMSMainScreenTest"/>
  <testcase name="AMSMainScreen" time="3.500" classname="testartemus.AMSMainScreenTest"/>
  <testcase name="vesseldetailsmain" time="1.982" classname="testartemus.AMSMainScreenTest"/>
  <testcase name="CustomErrorScreen" time="0.584" classname="testartemus.AMSMainScreenTest"/>
  <testcase name="validateport" time="0.191" classname="testartemus.AMSMainScreenTest"/>
  <testcase name="billDetailInformation" time="0.826" classname="testartemus.AMSMainScreenTest"/>
  <testcase name="validatebuttonDiv" time="0.246" classname="testartemus.AMSMainScreenTest"/>
</testsuite> <!-- testartemus.AMSMainScreenTest -->
