<?xml version="1.0" encoding="UTF-8"?>
<!-- Generated by org.testng.reporters.JUnitReportReporter -->
<testsuite hostname="Samsung" name="testartemus.billheaderTest" tests="30" failures="0" timestamp="21 Jul 2020 11:32:15 GMT" time="59.292" errors="0">
  <testcase name="scrollpage2" time="0.044" classname="testartemus.billheaderTest"/>
  <testcase name="scrollpage" time="0.059" classname="testartemus.billheaderTest"/>
  <testcase name="scrollpageup" time="0.047" classname="testartemus.billheaderTest"/>
  <testcase name="hblScac" time="1.749" classname="testartemus.billheaderTest"/>
  <testcase name="CountryOfOrigin" time="5.256" classname="testartemus.billheaderTest"/>
  <testcase name="MoveType" time="0.635" classname="testartemus.billheaderTest"/>
  <testcase name="Equipment" time="1.861" classname="testartemus.billheaderTest"/>
  <testcase name="billType" time="0.475" classname="testartemus.billheaderTest"/>
  <testcase name="NvoType" time="0.396" classname="testartemus.billheaderTest"/>
  <testcase name="cargocountry" time="0.492" classname="testartemus.billheaderTest"/>
  <testcase name="receiptPlace" time="1.878" classname="testartemus.billheaderTest"/>
  <testcase name="equipmentcargodetails" time="2.814" classname="testartemus.billheaderTest"/>
  <testcase name="PortOfLoading" time="0.828" classname="testartemus.billheaderTest"/>
  <testcase name="Packages" time="3.376" classname="testartemus.billheaderTest"/>
  <testcase name="updatebill" time="3.832" classname="testartemus.billheaderTest"/>
  <testcase name="Manufacturer" time="2.037" classname="testartemus.billheaderTest"/>
  <testcase name="HarmonizeCode" time="1.797" classname="testartemus.billheaderTest"/>
  <testcase name="billheader" time="3.628" classname="testartemus.billheaderTest"/>
  <testcase name="goodsDescription" time="0.601" classname="testartemus.billheaderTest"/>
  <testcase name="HazardCode" time="1.618" classname="testartemus.billheaderTest"/>
  <testcase name="save" time="3.637" classname="testartemus.billheaderTest"/>
  <testcase name="billStatus" time="1.182" classname="testartemus.billheaderTest"/>
  <testcase name="PlaceOfDelivery" time="2.032" classname="testartemus.billheaderTest"/>
  <testcase name="ShippingInformation" time="2.733" classname="testartemus.billheaderTest"/>
  <testcase name="PortOfDischarge" time="0.931" classname="testartemus.billheaderTest"/>
  <testcase name="Consignee" time="2.692" classname="testartemus.billheaderTest"/>
  <testcase name="VesselDetail" time="3.771" classname="testartemus.billheaderTest"/>
  <testcase name="Packagesunit" time="1.348" classname="testartemus.billheaderTest"/>
  <testcase name="Notify" time="2.940" classname="testartemus.billheaderTest"/>
  <testcase name="findbill" time="4.603" classname="testartemus.billheaderTest"/>
</testsuite> <!-- testartemus.billheaderTest -->
