<?xml version="1.0" encoding="UTF-8"?>
<!-- Generated by org.testng.reporters.JUnitReportReporter -->
<testsuite hostname="Samsung" name="testartemus.ItSelectionScreenTest" tests="10" failures="0" timestamp="21 Jul 2020 11:32:15 GMT" time="20.039" errors="0">
  <testcase name="DischargePortdetails" time="0.610" classname="testartemus.ItSelectionScreenTest"/>
  <testcase name="ItBillArrival" time="3.815" classname="testartemus.ItSelectionScreenTest"/>
  <testcase name="findbills" time="0.608" classname="testartemus.ItSelectionScreenTest"/>
  <testcase name="ShowArrivalAcknowledgement" time="0.848" classname="testartemus.ItSelectionScreenTest"/>
  <testcase name="Voyagedetails" time="1.065" classname="testartemus.ItSelectionScreenTest"/>
  <testcase name="vesseldetails" time="4.446" classname="testartemus.ItSelectionScreenTest"/>
  <testcase name="TableRowDetails" time="0.507" classname="testartemus.ItSelectionScreenTest"/>
  <testcase name="ItContainerArrival" time="3.503" classname="testartemus.ItSelectionScreenTest"/>
  <testcase name="ItSelectionTab" time="2.220" classname="testartemus.ItSelectionScreenTest"/>
  <testcase name="ItArrival" time="2.417" classname="testartemus.ItSelectionScreenTest"/>
</testsuite> <!-- testartemus.ItSelectionScreenTest -->
