<?xml version="1.0" encoding="UTF-8"?>
<!-- Generated by org.testng.reporters.JUnitReportReporter -->
<testsuite hostname="Samsung" name="testartemus.ItSelectionScreenTest" tests="10" failures="0" timestamp="16 Jul 2020 06:41:22 GMT" time="14.141" errors="0">
  <testcase name="ShowArrivalAcknowledgement" time="0.446" classname="testartemus.ItSelectionScreenTest"/>
  <testcase name="findbills" time="0.446" classname="testartemus.ItSelectionScreenTest"/>
  <testcase name="ItBillArrival" time="2.821" classname="testartemus.ItSelectionScreenTest"/>
  <testcase name="ItArrival" time="1.224" classname="testartemus.ItSelectionScreenTest"/>
  <testcase name="ItSelectionTab" time="3.653" classname="testartemus.ItSelectionScreenTest"/>
  <testcase name="TableRowDetails" time="0.244" classname="testartemus.ItSelectionScreenTest"/>
  <testcase name="ItContainerArrival" time="2.734" classname="testartemus.ItSelectionScreenTest"/>
  <testcase name="Voyagedetails" time="0.389" classname="testartemus.ItSelectionScreenTest"/>
  <testcase name="vesseldetails" time="1.924" classname="testartemus.ItSelectionScreenTest"/>
  <testcase name="DischargePortdetails" time="0.260" classname="testartemus.ItSelectionScreenTest"/>
</testsuite> <!-- testartemus.ItSelectionScreenTest -->
