<?xml version="1.0" encoding="UTF-8"?>
<!-- Generated by org.testng.reporters.JUnitReportReporter -->
<testsuite hostname="Samsung" name="testartemus.locationTest" tests="9" failures="0" timestamp="29 May 2020 10:49:51 GMT" time="42.357" errors="0">
  <testcase name="findlocationingrid" time="2.683" classname="testartemus.locationTest"/>
  <testcase name="unlocodedetail" time="0.546" classname="testartemus.locationTest"/>
  <testcase name="findlocationassert" time="0.547" classname="testartemus.locationTest"/>
  <testcase name="warehousedetail" time="22.680" classname="testartemus.locationTest"/>
  <testcase name="findlocation" time="0.417" classname="testartemus.locationTest"/>
  <testcase name="createlocation" time="4.480" classname="testartemus.locationTest"/>
  <testcase name="savelocation" time="3.089" classname="testartemus.locationTest"/>
  <testcase name="updatelocation" time="5.102" classname="testartemus.locationTest"/>
  <testcase name="deletelocation" time="2.813" classname="testartemus.locationTest"/>
</testsuite> <!-- testartemus.locationTest -->
