<?xml version="1.0" encoding="UTF-8"?>
<!-- Generated by org.testng.reporters.JUnitReportReporter -->
<testsuite hostname="Samsung" name="testartemus.addoriginalmanifestTest" tests="8" failures="0" timestamp="21 Jul 2020 11:32:15 GMT" time="14.127" errors="0">
  <testcase name="sendManifestCheckBox" time="3.458" classname="testartemus.addoriginalmanifestTest"/>
  <testcase name="Voyagedetails" time="0.944" classname="testartemus.addoriginalmanifestTest"/>
  <testcase name="LoadPortdetails" time="0.692" classname="testartemus.addoriginalmanifestTest"/>
  <testcase name="findbills" time="2.406" classname="testartemus.addoriginalmanifestTest"/>
  <testcase name="DischargePortdetails" time="0.572" classname="testartemus.addoriginalmanifestTest"/>
  <testcase name="assertRow" time="0.659" classname="testartemus.addoriginalmanifestTest"/>
  <testcase name="vesseldetails" time="3.522" classname="testartemus.addoriginalmanifestTest"/>
  <testcase name="OriginalManifes" time="1.874" classname="testartemus.addoriginalmanifestTest"/>
</testsuite> <!-- testartemus.addoriginalmanifestTest -->
