<?xml version="1.0" encoding="UTF-8"?>
<!-- Generated by org.testng.reporters.JUnitReportReporter -->
<testsuite hostname="Samsung" name="testartemus.ISFTest" tests="7" failures="0" timestamp="5 Jun 2020 12:15:05 GMT" time="4.534" errors="0">
  <testcase name="ItSelectionTab" time="0.944" classname="testartemus.ISFTest"/>
  <testcase name="Voyagedetails" time="0.276" classname="testartemus.ISFTest"/>
  <testcase name="vesseldetails" time="0.545" classname="testartemus.ISFTest"/>
  <testcase name="findbills" time="0.529" classname="testartemus.ISFTest"/>
  <testcase name="loadPortId" time="1.128" classname="testartemus.ISFTest"/>
  <testcase name="Billstatus" time="0.837" classname="testartemus.ISFTest"/>
  <testcase name="DischargePortdetails" time="0.275" classname="testartemus.ISFTest"/>
</testsuite> <!-- testartemus.ISFTest -->
