<?xml version="1.0" encoding="UTF-8"?>
<!-- Generated by org.testng.reporters.JUnitReportReporter -->
<testsuite hostname="Samsung" name="testartemus.vesselTest" tests="7" failures="0" timestamp="8 May 2020 04:59:39 GMT" time="12.531" errors="0">
  <testcase name="deletevessel" time="1.185" classname="testartemus.vesselTest"/>
  <testcase name="createvessel" time="3.909" classname="testartemus.vesselTest"/>
  <testcase name="findvesselname" time="2.197" classname="testartemus.vesselTest"/>
  <testcase name="japancarriercode" time="1.482" classname="testartemus.vesselTest"/>
  <testcase name="updatevessel" time="1.587" classname="testartemus.vesselTest"/>
  <testcase name="savevessel" time="1.435" classname="testartemus.vesselTest"/>
  <testcase name="findvessel" time="0.736" classname="testartemus.vesselTest"/>
</testsuite> <!-- testartemus.vesselTest -->
