<?xml version="1.0" encoding="UTF-8"?>
<!-- Generated by org.testng.reporters.JUnitReportReporter -->
<testsuite hostname="Samsung" name="testartemus.addoriginalmanifestTest" tests="8" failures="0" timestamp="29 May 2020 10:49:51 GMT" time="8.069" errors="0">
  <testcase name="sendManifestCheckBox" time="2.434" classname="testartemus.addoriginalmanifestTest"/>
  <testcase name="OriginalManifes" time="0.979" classname="testartemus.addoriginalmanifestTest"/>
  <testcase name="Voyagedetails" time="0.303" classname="testartemus.addoriginalmanifestTest"/>
  <testcase name="vesseldetails" time="0.532" classname="testartemus.addoriginalmanifestTest"/>
  <testcase name="DischargePortdetails" time="0.316" classname="testartemus.addoriginalmanifestTest"/>
  <testcase name="assertRow" time="0.397" classname="testartemus.addoriginalmanifestTest"/>
  <testcase name="findbills" time="2.252" classname="testartemus.addoriginalmanifestTest"/>
  <testcase name="LoadPortdetails" time="0.856" classname="testartemus.addoriginalmanifestTest"/>
</testsuite> <!-- testartemus.addoriginalmanifestTest -->
