<?xml version="1.0" encoding="UTF-8"?>
<!-- Generated by org.testng.reporters.JUnitReportReporter -->
<testsuite hostname="Samsung" name="testartemus.ISFTest" tests="7" failures="0" timestamp="19 May 2020 04:55:37 GMT" time="4.309" errors="0">
  <testcase name="loadPortId" time="0.789" classname="testartemus.ISFTest"/>
  <testcase name="findbills" time="0.486" classname="testartemus.ISFTest"/>
  <testcase name="Billstatus" time="0.791" classname="testartemus.ISFTest"/>
  <testcase name="DischargePortdetails" time="0.312" classname="testartemus.ISFTest"/>
  <testcase name="ItSelectionTab" time="0.968" classname="testartemus.ISFTest"/>
  <testcase name="vesseldetails" time="0.622" classname="testartemus.ISFTest"/>
  <testcase name="Voyagedetails" time="0.341" classname="testartemus.ISFTest"/>
</testsuite> <!-- testartemus.ISFTest -->
