<?xml version="1.0" encoding="UTF-8"?>
<!-- Generated by org.testng.reporters.JUnitReportReporter -->
<testsuite hostname="Samsung" name="testartemus.VesselDepartureTest" tests="5" failures="0" timestamp="21 Jul 2020 11:32:15 GMT" time="9.122" errors="0">
  <testcase name="vesselarrivaltab" time="1.457" classname="testartemus.VesselDepartureTest"/>
  <testcase name="loadPortdetails" time="0.631" classname="testartemus.VesselDepartureTest"/>
  <testcase name="findbills" time="2.340" classname="testartemus.VesselDepartureTest"/>
  <testcase name="Voyagedetails" time="0.791" classname="testartemus.VesselDepartureTest"/>
  <testcase name="vesseldetails" time="3.903" classname="testartemus.VesselDepartureTest"/>
</testsuite> <!-- testartemus.VesselDepartureTest -->
