<?xml version="1.0" encoding="UTF-8"?>
<!-- Generated by org.testng.reporters.JUnitReportReporter -->
<testsuite hostname="Samsung" name="testartemus.AFRVoyageScheduleTest" tests="13" failures="0" timestamp="17 Jul 2020 10:21:35 GMT" time="17.450" errors="0">
  <testcase name="portdetailstwo" time="0.114" classname="testartemus.AFRVoyageScheduleTest"/>
  <testcase name="jpvoyegetab" time="4.611" classname="testartemus.AFRVoyageScheduleTest"/>
  <testcase name="savevoyege" time="0.952" classname="testartemus.AFRVoyageScheduleTest"/>
  <testcase name="findvoyege" time="1.740" classname="testartemus.AFRVoyageScheduleTest"/>
  <testcase name="firstlocationdetails" time="2.895" classname="testartemus.AFRVoyageScheduleTest"/>
  <testcase name="portdetails" time="0.191" classname="testartemus.AFRVoyageScheduleTest"/>
  <testcase name="datedetails" time="0.815" classname="testartemus.AFRVoyageScheduleTest"/>
  <testcase name="datedetailstwo" time="0.770" classname="testartemus.AFRVoyageScheduleTest"/>
  <testcase name="voyegedetail" time="0.440" classname="testartemus.AFRVoyageScheduleTest"/>
  <testcase name="secondlocationdetails" time="0.600" classname="testartemus.AFRVoyageScheduleTest"/>
  <testcase name="updatevoyege" time="0.965" classname="testartemus.AFRVoyageScheduleTest"/>
  <testcase name="vesseldetail" time="2.876" classname="testartemus.AFRVoyageScheduleTest"/>
  <testcase name="deletevoyege" time="0.481" classname="testartemus.AFRVoyageScheduleTest"/>
</testsuite> <!-- testartemus.AFRVoyageScheduleTest -->
