<?xml version="1.0" encoding="UTF-8"?>
<!-- Generated by org.testng.reporters.JUnitReportReporter -->
<testsuite hostname="Samsung" name="testartemus.billheaderTest" tests="30" failures="0" timestamp="15 Jul 2020 09:36:53 GMT" time="42.236" errors="0">
  <testcase name="VesselDetail" time="2.961" classname="testartemus.billheaderTest"/>
  <testcase name="save" time="6.312" classname="testartemus.billheaderTest"/>
  <testcase name="scrollpage2" time="0.020" classname="testartemus.billheaderTest"/>
  <testcase name="HazardCode" time="0.942" classname="testartemus.billheaderTest"/>
  <testcase name="findbill" time="2.693" classname="testartemus.billheaderTest"/>
  <testcase name="billheader" time="4.312" classname="testartemus.billheaderTest"/>
  <testcase name="Packages" time="1.334" classname="testartemus.billheaderTest"/>
  <testcase name="billStatus" time="0.547" classname="testartemus.billheaderTest"/>
  <testcase name="CountryOfOrigin" time="2.422" classname="testartemus.billheaderTest"/>
  <testcase name="cargocountry" time="0.231" classname="testartemus.billheaderTest"/>
  <testcase name="MoveType" time="0.337" classname="testartemus.billheaderTest"/>
  <testcase name="Manufacturer" time="1.148" classname="testartemus.billheaderTest"/>
  <testcase name="HarmonizeCode" time="0.795" classname="testartemus.billheaderTest"/>
  <testcase name="updatebill" time="6.123" classname="testartemus.billheaderTest"/>
  <testcase name="hblScac" time="0.882" classname="testartemus.billheaderTest"/>
  <testcase name="equipmentcargodetails" time="2.319" classname="testartemus.billheaderTest"/>
  <testcase name="Consignee" time="1.355" classname="testartemus.billheaderTest"/>
  <testcase name="PortOfLoading" time="0.523" classname="testartemus.billheaderTest"/>
  <testcase name="PlaceOfDelivery" time="0.811" classname="testartemus.billheaderTest"/>
  <testcase name="Notify" time="1.471" classname="testartemus.billheaderTest"/>
  <testcase name="goodsDescription" time="0.223" classname="testartemus.billheaderTest"/>
  <testcase name="PortOfDischarge" time="0.486" classname="testartemus.billheaderTest"/>
  <testcase name="receiptPlace" time="0.849" classname="testartemus.billheaderTest"/>
  <testcase name="billType" time="0.238" classname="testartemus.billheaderTest"/>
  <testcase name="scrollpageup" time="0.022" classname="testartemus.billheaderTest"/>
  <testcase name="Packagesunit" time="0.508" classname="testartemus.billheaderTest"/>
  <testcase name="scrollpage" time="0.028" classname="testartemus.billheaderTest"/>
  <testcase name="NvoType" time="0.243" classname="testartemus.billheaderTest"/>
  <testcase name="ShippingInformation" time="1.351" classname="testartemus.billheaderTest"/>
  <testcase name="Equipment" time="0.750" classname="testartemus.billheaderTest"/>
</testsuite> <!-- testartemus.billheaderTest -->
