<?xml version="1.0" encoding="UTF-8"?>
<!-- Generated by org.testng.reporters.JUnitReportReporter -->
<testsuite hostname="Samsung" name="testartemus.SubOrdinateScacTest" tests="4" failures="0" timestamp="17 Jul 2020 10:01:22 GMT" time="6.448" errors="0">
  <testcase name="SubOrdinateScac" time="1.888" classname="testartemus.SubOrdinateScacTest"/>
  <testcase name="deleteSubScac" time="0.599" classname="testartemus.SubOrdinateScacTest"/>
  <testcase name="updateSubScac" time="2.265" classname="testartemus.SubOrdinateScacTest"/>
  <testcase name="CreateNewSubScac" time="1.696" classname="testartemus.SubOrdinateScacTest"/>
</testsuite> <!-- testartemus.SubOrdinateScacTest -->
