<?xml version="1.0" encoding="UTF-8"?>
<!-- Generated by org.testng.reporters.JUnitReportReporter -->
<testsuite hostname="Samsung" name="testartemus.PermitToTransferTest" tests="6" failures="0" timestamp="15 May 2020 05:34:27 GMT" time="3.342" errors="0">
  <testcase name="findbills" time="0.441" classname="testartemus.PermitToTransferTest"/>
  <testcase name="DischargePortdetails" time="0.675" classname="testartemus.PermitToTransferTest"/>
  <testcase name="changeAckName" time="0.296" classname="testartemus.PermitToTransferTest"/>
  <testcase name="vesseldetails" time="0.689" classname="testartemus.PermitToTransferTest"/>
  <testcase name="Voyagedetails" time="0.312" classname="testartemus.PermitToTransferTest"/>
  <testcase name="ItSelectionTab" time="0.929" classname="testartemus.PermitToTransferTest"/>
</testsuite> <!-- testartemus.PermitToTransferTest -->
