<?xml version="1.0" encoding="UTF-8"?>
<!-- Generated by org.testng.reporters.JUnitReportReporter -->
<testsuite hostname="Samsung" name="testartemus.voyegeTest" tests="13" failures="0" timestamp="15 Jul 2020 09:35:38 GMT" time="17.337" errors="0">
  <testcase name="voyegedetail" time="0.537" classname="testartemus.voyegeTest"/>
  <testcase name="portdetailstwo" time="0.134" classname="testartemus.voyegeTest"/>
  <testcase name="portdetails" time="0.234" classname="testartemus.voyegeTest"/>
  <testcase name="updatevoyege" time="0.857" classname="testartemus.voyegeTest"/>
  <testcase name="voyegetab" time="3.496" classname="testartemus.voyegeTest"/>
  <testcase name="secondlocationdetails" time="0.737" classname="testartemus.voyegeTest"/>
  <testcase name="datedetails" time="0.776" classname="testartemus.voyegeTest"/>
  <testcase name="datedetailstwo" time="0.796" classname="testartemus.voyegeTest"/>
  <testcase name="firstlocationdetails" time="2.961" classname="testartemus.voyegeTest"/>
  <testcase name="deletevoyege" time="1.324" classname="testartemus.voyegeTest"/>
  <testcase name="vesseldetail" time="3.146" classname="testartemus.voyegeTest"/>
  <testcase name="savevoyege" time="0.910" classname="testartemus.voyegeTest"/>
  <testcase name="findvoyege" time="1.429" classname="testartemus.voyegeTest"/>
</testsuite> <!-- testartemus.voyegeTest -->
