<?xml version="1.0" encoding="UTF-8"?>
<!-- Generated by org.testng.reporters.JUnitReportReporter -->
<testsuite hostname="Samsung" name="testartemus.locationTest" tests="9" failures="0" timestamp="5 Jun 2020 12:15:05 GMT" time="41.504" errors="0">
  <testcase name="createlocation" time="4.428" classname="testartemus.locationTest"/>
  <testcase name="warehousedetail" time="22.714" classname="testartemus.locationTest"/>
  <testcase name="findlocationassert" time="0.563" classname="testartemus.locationTest"/>
  <testcase name="findlocation" time="0.397" classname="testartemus.locationTest"/>
  <testcase name="updatelocation" time="4.860" classname="testartemus.locationTest"/>
  <testcase name="findlocationingrid" time="2.554" classname="testartemus.locationTest"/>
  <testcase name="deletelocation" time="2.547" classname="testartemus.locationTest"/>
  <testcase name="unlocodedetail" time="0.549" classname="testartemus.locationTest"/>
  <testcase name="savelocation" time="2.892" classname="testartemus.locationTest"/>
</testsuite> <!-- testartemus.locationTest -->
