<?xml version="1.0" encoding="UTF-8"?>
<!-- Generated by org.testng.reporters.JUnitReportReporter -->
<testsuite hostname="Samsung" name="testartemus.VesselArrivalTest" tests="6" failures="0" timestamp="14 May 2020 07:26:13 GMT" time="11.584" errors="0">
  <testcase name="acknowledgement" time="2.478" classname="testartemus.VesselArrivalTest"/>
  <testcase name="vesselarrivaltab" time="6.524" classname="testartemus.VesselArrivalTest"/>
  <testcase name="findbills" time="1.076" classname="testartemus.VesselArrivalTest"/>
  <testcase name="DischargePortdetails" time="0.726" classname="testartemus.VesselArrivalTest"/>
  <testcase name="vesseldetails" time="0.511" classname="testartemus.VesselArrivalTest"/>
  <testcase name="Voyagedetails" time="0.269" classname="testartemus.VesselArrivalTest"/>
</testsuite> <!-- testartemus.VesselArrivalTest -->
