<?xml version="1.0" encoding="UTF-8"?>
<!-- Generated by org.testng.reporters.JUnitReportReporter -->
<testsuite hostname="Samsung" name="testartemus.CustomerprofileTest" tests="6" failures="0" timestamp="5 Jun 2020 12:15:05 GMT" time="29.477" errors="0">
  <testcase name="createcustomer" time="6.226" classname="testartemus.CustomerprofileTest"/>
  <testcase name="savecustomer" time="1.447" classname="testartemus.CustomerprofileTest"/>
  <testcase name="findcustomerassert" time="0.487" classname="testartemus.CustomerprofileTest"/>
  <testcase name="findcustomer" time="3.720" classname="testartemus.CustomerprofileTest"/>
  <testcase name="deletecustomer" time="16.173" classname="testartemus.CustomerprofileTest"/>
  <testcase name="updatecustomer" time="1.424" classname="testartemus.CustomerprofileTest"/>
</testsuite> <!-- testartemus.CustomerprofileTest -->
