<?xml version="1.0" encoding="UTF-8"?>
<!-- Generated by org.testng.reporters.JUnitReportReporter -->
<testsuite hostname="Samsung" name="testartemus.SCACCodeTest" tests="4" failures="0" timestamp="21 Jul 2020 11:32:15 GMT" time="9.067" errors="0">
  <testcase name="SCACCodescreen" time="1.370" classname="testartemus.SCACCodeTest"/>
  <testcase name="UpdateScac" time="3.491" classname="testartemus.SCACCodeTest"/>
  <testcase name="CreateNewScac" time="3.116" classname="testartemus.SCACCodeTest"/>
  <testcase name="DeleteScac" time="1.090" classname="testartemus.SCACCodeTest"/>
</testsuite> <!-- testartemus.SCACCodeTest -->
