<?xml version="1.0" encoding="UTF-8"?>
<!-- Generated by org.testng.reporters.JUnitReportReporter -->
<testsuite hostname="Samsung" name="testartemus.billheaderTest" tests="30" failures="0" timestamp="19 May 2020 04:55:37 GMT" time="41.256" errors="0">
  <testcase name="hblScac" time="0.982" classname="testartemus.billheaderTest"/>
  <testcase name="CountryOfOrigin" time="2.394" classname="testartemus.billheaderTest"/>
  <testcase name="HarmonizeCode" time="0.874" classname="testartemus.billheaderTest"/>
  <testcase name="receiptPlace" time="0.753" classname="testartemus.billheaderTest"/>
  <testcase name="scrollpageup" time="0.029" classname="testartemus.billheaderTest"/>
  <testcase name="Packages" time="1.327" classname="testartemus.billheaderTest"/>
  <testcase name="NvoType" time="0.369" classname="testartemus.billheaderTest"/>
  <testcase name="HazardCode" time="0.866" classname="testartemus.billheaderTest"/>
  <testcase name="updatebill" time="5.679" classname="testartemus.billheaderTest"/>
  <testcase name="VesselDetail" time="3.830" classname="testartemus.billheaderTest"/>
  <testcase name="billheader" time="2.237" classname="testartemus.billheaderTest"/>
  <testcase name="save" time="5.592" classname="testartemus.billheaderTest"/>
  <testcase name="Manufacturer" time="1.151" classname="testartemus.billheaderTest"/>
  <testcase name="billStatus" time="0.671" classname="testartemus.billheaderTest"/>
  <testcase name="billType" time="0.262" classname="testartemus.billheaderTest"/>
  <testcase name="scrollpage2" time="0.019" classname="testartemus.billheaderTest"/>
  <testcase name="PortOfDischarge" time="0.510" classname="testartemus.billheaderTest"/>
  <testcase name="cargocountry" time="0.218" classname="testartemus.billheaderTest"/>
  <testcase name="MoveType" time="0.313" classname="testartemus.billheaderTest"/>
  <testcase name="Equipment" time="0.679" classname="testartemus.billheaderTest"/>
  <testcase name="goodsDescription" time="0.236" classname="testartemus.billheaderTest"/>
  <testcase name="ShippingInformation" time="1.638" classname="testartemus.billheaderTest"/>
  <testcase name="Notify" time="1.510" classname="testartemus.billheaderTest"/>
  <testcase name="Packagesunit" time="0.532" classname="testartemus.billheaderTest"/>
  <testcase name="Consignee" time="1.418" classname="testartemus.billheaderTest"/>
  <testcase name="PlaceOfDelivery" time="0.891" classname="testartemus.billheaderTest"/>
  <testcase name="scrollpage" time="0.020" classname="testartemus.billheaderTest"/>
  <testcase name="findbill" time="3.408" classname="testartemus.billheaderTest"/>
  <testcase name="PortOfLoading" time="0.510" classname="testartemus.billheaderTest"/>
  <testcase name="equipmentcargodetails" time="2.338" classname="testartemus.billheaderTest"/>
</testsuite> <!-- testartemus.billheaderTest -->
