<?xml version="1.0" encoding="UTF-8"?>
<!-- Generated by org.testng.reporters.JUnitReportReporter -->
<testsuite hostname="Samsung" name="testartemus.SCACCodeTest" tests="4" failures="0" timestamp="19 May 2020 05:56:44 GMT" time="4.811" errors="0">
  <testcase name="DeleteScac" time="0.458" classname="testartemus.SCACCodeTest"/>
  <testcase name="UpdateScac" time="1.837" classname="testartemus.SCACCodeTest"/>
  <testcase name="SCACCodescreen" time="0.908" classname="testartemus.SCACCodeTest"/>
  <testcase name="CreateNewScac" time="1.608" classname="testartemus.SCACCodeTest"/>
</testsuite> <!-- testartemus.SCACCodeTest -->
