<?xml version="1.0" encoding="UTF-8"?>
<!-- Generated by org.testng.reporters.JUnitReportReporter -->
<testsuite hostname="Samsung" name="testartemus.SubOrdinateScacTest" tests="4" failures="0" timestamp="20 May 2020 12:42:01 GMT" time="5.814" errors="0">
  <testcase name="deleteSubScac" time="0.528" classname="testartemus.SubOrdinateScacTest"/>
  <testcase name="updateSubScac" time="2.271" classname="testartemus.SubOrdinateScacTest"/>
  <testcase name="CreateNewSubScac" time="1.856" classname="testartemus.SubOrdinateScacTest"/>
  <testcase name="SubOrdinateScac" time="1.159" classname="testartemus.SubOrdinateScacTest"/>
</testsuite> <!-- testartemus.SubOrdinateScacTest -->
