<?xml version="1.0" encoding="UTF-8"?>
<!-- Generated by org.testng.reporters.JUnitReportReporter -->
<testsuite hostname="Samsung" name="testartemus.locationTest" tests="9" failures="0" timestamp="15 Jul 2020 09:27:58 GMT" time="45.755" errors="0">
  <testcase name="updatelocation" time="5.983" classname="testartemus.locationTest"/>
  <testcase name="unlocodedetail" time="0.521" classname="testartemus.locationTest"/>
  <testcase name="savelocation" time="3.674" classname="testartemus.locationTest"/>
  <testcase name="warehousedetail" time="22.698" classname="testartemus.locationTest"/>
  <testcase name="findlocationassert" time="0.611" classname="testartemus.locationTest"/>
  <testcase name="createlocation" time="4.975" classname="testartemus.locationTest"/>
  <testcase name="deletelocation" time="3.302" classname="testartemus.locationTest"/>
  <testcase name="findlocationingrid" time="3.525" classname="testartemus.locationTest"/>
  <testcase name="findlocation" time="0.466" classname="testartemus.locationTest"/>
</testsuite> <!-- testartemus.locationTest -->
