<?xml version="1.0" encoding="UTF-8"?>
<!-- Generated by org.testng.reporters.JUnitReportReporter -->
<testsuite hostname="Samsung" name="testartemus.CandaOriginalmanifest" tests="8" failures="0" timestamp="21 Jul 2020 11:32:15 GMT" time="9.683" errors="0">
  <testcase name="findbills" time="2.337" classname="testartemus.CandaOriginalmanifest"/>
  <testcase name="assertRow" time="0.305" classname="testartemus.CandaOriginalmanifest"/>
  <testcase name="sendManifestCheckBox" time="1.554" classname="testartemus.CandaOriginalmanifest"/>
  <testcase name="Voyagedetails" time="0.611" classname="testartemus.CandaOriginalmanifest"/>
  <testcase name="OriginalManifes" time="1.623" classname="testartemus.CandaOriginalmanifest"/>
  <testcase name="LoadPortdetails" time="0.619" classname="testartemus.CandaOriginalmanifest"/>
  <testcase name="vesseldetails" time="2.001" classname="testartemus.CandaOriginalmanifest"/>
  <testcase name="DischargePortdetails" time="0.633" classname="testartemus.CandaOriginalmanifest"/>
</testsuite> <!-- testartemus.CandaOriginalmanifest -->
