<?xml version="1.0" encoding="UTF-8"?>
<!-- Generated by org.testng.reporters.JUnitReportReporter -->
<testsuite hostname="Samsung" name="testartemus.CandaOriginalmanifest" tests="8" failures="0" timestamp="17 Jul 2020 12:05:49 GMT" time="8.260" errors="0">
  <testcase name="assertRow" time="0.179" classname="testartemus.CandaOriginalmanifest"/>
  <testcase name="findbills" time="2.236" classname="testartemus.CandaOriginalmanifest"/>
  <testcase name="OriginalManifes" time="2.560" classname="testartemus.CandaOriginalmanifest"/>
  <testcase name="LoadPortdetails" time="0.510" classname="testartemus.CandaOriginalmanifest"/>
  <testcase name="DischargePortdetails" time="0.299" classname="testartemus.CandaOriginalmanifest"/>
  <testcase name="Voyagedetails" time="0.311" classname="testartemus.CandaOriginalmanifest"/>
  <testcase name="vesseldetails" time="1.100" classname="testartemus.CandaOriginalmanifest"/>
  <testcase name="sendManifestCheckBox" time="1.065" classname="testartemus.CandaOriginalmanifest"/>
</testsuite> <!-- testartemus.CandaOriginalmanifest -->
