<?xml version="1.0" encoding="UTF-8"?>
<!-- Generated by org.testng.reporters.JUnitReportReporter -->
<testsuite hostname="Samsung" name="testartemus.PermitToTransferTest" tests="6" failures="0" timestamp="29 May 2020 10:49:51 GMT" time="3.120" errors="0">
  <testcase name="changeAckName" time="0.321" classname="testartemus.PermitToTransferTest"/>
  <testcase name="DischargePortdetails" time="0.629" classname="testartemus.PermitToTransferTest"/>
  <testcase name="Voyagedetails" time="0.295" classname="testartemus.PermitToTransferTest"/>
  <testcase name="vesseldetails" time="0.584" classname="testartemus.PermitToTransferTest"/>
  <testcase name="ItSelectionTab" time="0.848" classname="testartemus.PermitToTransferTest"/>
  <testcase name="findbills" time="0.443" classname="testartemus.PermitToTransferTest"/>
</testsuite> <!-- testartemus.PermitToTransferTest -->
