<?xml version="1.0" encoding="UTF-8"?>
<!-- Generated by org.testng.reporters.JUnitReportReporter -->
<testsuite hostname="Samsung" name="testartemus.voyegeTest" tests="13" failures="0" timestamp="19 May 2020 05:01:50 GMT" time="17.305" errors="0">
  <testcase name="datedetailstwo" time="0.779" classname="testartemus.voyegeTest"/>
  <testcase name="voyegedetail" time="0.421" classname="testartemus.voyegeTest"/>
  <testcase name="portdetailstwo" time="0.140" classname="testartemus.voyegeTest"/>
  <testcase name="vesseldetail" time="2.971" classname="testartemus.voyegeTest"/>
  <testcase name="findvoyege" time="1.732" classname="testartemus.voyegeTest"/>
  <testcase name="portdetails" time="0.225" classname="testartemus.voyegeTest"/>
  <testcase name="secondlocationdetails" time="0.718" classname="testartemus.voyegeTest"/>
  <testcase name="deletevoyege" time="0.707" classname="testartemus.voyegeTest"/>
  <testcase name="updatevoyege" time="1.403" classname="testartemus.voyegeTest"/>
  <testcase name="voyegetab" time="3.320" classname="testartemus.voyegeTest"/>
  <testcase name="firstlocationdetails" time="3.120" classname="testartemus.voyegeTest"/>
  <testcase name="datedetails" time="0.797" classname="testartemus.voyegeTest"/>
  <testcase name="savevoyege" time="0.972" classname="testartemus.voyegeTest"/>
</testsuite> <!-- testartemus.voyegeTest -->
