<?xml version="1.0" encoding="UTF-8"?>
<!-- Generated by org.testng.reporters.JUnitReportReporter -->
<testsuite hostname="Samsung" name="testartemus.vesselTest" tests="7" failures="0" timestamp="14 May 2020 07:26:13 GMT" time="49.024" errors="0">
  <testcase name="findvessel" time="1.094" classname="testartemus.vesselTest"/>
  <testcase name="updatevessel" time="4.017" classname="testartemus.vesselTest"/>
  <testcase name="createvessel" time="3.864" classname="testartemus.vesselTest"/>
  <testcase name="japancarriercode" time="12.108" classname="testartemus.vesselTest"/>
  <testcase name="deletevessel" time="6.553" classname="testartemus.vesselTest"/>
  <testcase name="savevessel" time="3.456" classname="testartemus.vesselTest"/>
  <testcase name="findvesselname" time="17.932" classname="testartemus.vesselTest"/>
</testsuite> <!-- testartemus.vesselTest -->
