<?xml version="1.0" encoding="UTF-8"?>
<!-- Generated by org.testng.reporters.JUnitReportReporter -->
<testsuite hostname="Samsung" name="testartemus.candaaddoriginalmanifestTest" tests="8" failures="0" timestamp="26 May 2020 09:42:06 GMT" time="6.849" errors="0">
  <testcase name="DischargePortdetails" time="0.328" classname="testartemus.candaaddoriginalmanifestTest"/>
  <testcase name="LoadPortdetails" time="0.859" classname="testartemus.candaaddoriginalmanifestTest"/>
  <testcase name="findbills" time="2.220" classname="testartemus.candaaddoriginalmanifestTest"/>
  <testcase name="assertRow" time="0.162" classname="testartemus.candaaddoriginalmanifestTest"/>
  <testcase name="OriginalManifes" time="0.895" classname="testartemus.candaaddoriginalmanifestTest"/>
  <testcase name="vesseldetails" time="0.581" classname="testartemus.candaaddoriginalmanifestTest"/>
  <testcase name="sendManifestCheckBox" time="1.495" classname="testartemus.candaaddoriginalmanifestTest"/>
  <testcase name="Voyagedetails" time="0.309" classname="testartemus.candaaddoriginalmanifestTest"/>
</testsuite> <!-- testartemus.candaaddoriginalmanifestTest -->
